unityLibrary/mobilenotifications.androidlib/build/intermediates/manifest_merge_blame_file/debug/manifest-merger-blame-debug-report.txt
1<?xml version="1.0" encoding="utf-8"?>
2<manifest xmlns:android="http://schemas.android.com/apk/res/android"
3    package="com.unity.androidnotifications" >
4
5    <uses-sdk android:minSdkVersion="22" />
5-->src\main\AndroidManifest.xml
6
7    <uses-permission android:name="android.permission.POST_NOTIFICATIONS" />
7-->src\main\AndroidManifest.xml:12:3-75
7-->src\main\AndroidManifest.xml:12:20-72
8    <uses-permission android:name="android.permission.RECEIVE_BOOT_COMPLETED" />
8-->src\main\AndroidManifest.xml:13:3-79
8-->src\main\AndroidManifest.xml:13:20-76
9    <uses-permission
9-->src\main\AndroidManifest.xml:14:3-104
10        android:name="android.permission.SCHEDULE_EXACT_ALARM"
10-->src\main\AndroidManifest.xml:14:20-74
11        android:maxSdkVersion="32" />
11-->src\main\AndroidManifest.xml:14:75-101
12    <uses-permission android:name="android.permission.USE_EXACT_ALARM" />
12-->src\main\AndroidManifest.xml:15:3-72
12-->src\main\AndroidManifest.xml:15:20-69
13
14    <uses-permission-sdk-23 android:name="android.permission.REQUEST_IGNORE_BATTERY_OPTIMIZATIONS" />
14-->src\main\AndroidManifest.xml:16:3-100
14-->src\main\AndroidManifest.xml:16:27-97
15
16    <application>
16-->src\main\AndroidManifest.xml:2:3-11:17
17        <receiver
17-->src\main\AndroidManifest.xml:3:5-113
18            android:name="com.unity.androidnotifications.UnityNotificationManager"
18-->src\main\AndroidManifest.xml:3:15-85
19            android:exported="false" />
19-->src\main\AndroidManifest.xml:3:86-110
20        <receiver
20-->src\main\AndroidManifest.xml:4:5-8:16
21            android:name="com.unity.androidnotifications.UnityNotificationRestartReceiver"
21-->src\main\AndroidManifest.xml:4:15-93
22            android:enabled="false"
22-->src\main\AndroidManifest.xml:4:94-117
23            android:exported="false" >
23-->src\main\AndroidManifest.xml:4:118-142
24            <intent-filter>
24-->src\main\AndroidManifest.xml:5:7-7:23
25                <action android:name="android.intent.action.BOOT_COMPLETED" />
25-->src\main\AndroidManifest.xml:6:9-71
25-->src\main\AndroidManifest.xml:6:17-68
26            </intent-filter>
27        </receiver>
28
29        <meta-data
29-->src\main\AndroidManifest.xml:9:5-99
30            android:name="com.unity.androidnotifications.exact_scheduling"
30-->src\main\AndroidManifest.xml:9:16-78
31            android:value="1" />
31-->src\main\AndroidManifest.xml:9:79-96
32        <meta-data
32-->src\main\AndroidManifest.xml:10:5-90
33            android:name="reschedule_notifications_on_restart"
33-->src\main\AndroidManifest.xml:10:16-66
34            android:value="true" />
34-->src\main\AndroidManifest.xml:10:67-87
35    </application>
36
37</manifest>